{"numTotalTestSuites":2,"numPassedTestSuites":2,"numFailedTestSuites":0,"numPendingTestSuites":0,"numTotalTests":8,"numPassedTests":8,"numFailedTests":0,"numPendingTests":0,"numTodoTests":0,"startTime":1763866178541,"success":true,"testResults":[{"assertionResults":[{"ancestorTitles":["","Sandbox Integration Tests"],"fullName":" Sandbox Integration Tests should respond to health check","status":"passed","title":"should respond to health check","duration":33,"failureMessages":[]},{"ancestorTitles":["","Sandbox Integration Tests"],"fullName":" Sandbox Integration Tests should handle agent run request with basic input","status":"passed","title":"should handle agent run request with basic input","duration":7,"failureMessages":[]},{"ancestorTitles":["","Sandbox Integration Tests"],"fullName":" Sandbox Integration Tests should return correct structure for proposed edits","status":"passed","title":"should return correct structure for proposed edits","duration":1,"failureMessages":[]},{"ancestorTitles":["","Sandbox Integration Tests"],"fullName":" Sandbox Integration Tests should handle empty messages array","status":"passed","title":"should handle empty messages array","duration":2,"failureMessages":[]},{"ancestorTitles":["","Sandbox Integration Tests"],"fullName":" Sandbox Integration Tests should handle conversation history","status":"passed","title":"should handle conversation history","duration":1,"failureMessages":[]},{"ancestorTitles":["","Sandbox Integration Tests"],"fullName":" Sandbox Integration Tests should return 422 for invalid request (missing thread_id)","status":"passed","title":"should return 422 for invalid request (missing thread_id)","duration":2,"failureMessages":[]},{"ancestorTitles":["","Sandbox Integration Tests"],"fullName":" Sandbox Integration Tests should return 422 for invalid request (missing context)","status":"passed","title":"should return 422 for invalid request (missing context)","duration":3,"failureMessages":[]},{"ancestorTitles":["","Sandbox Integration Tests"],"fullName":" Sandbox Integration Tests should handle malformed JSON","status":"passed","title":"should handle malformed JSON","duration":1,"failureMessages":[]}],"startTime":1763866179999,"endTime":1763866180049,"status":"passed","message":"","name":"/Users/gre538/code/report-writer/tests/integration/sandbox.test.ts"}]}