{"numTotalTestSuites":8,"numPassedTestSuites":8,"numFailedTestSuites":0,"numPendingTestSuites":0,"numTotalTests":18,"numPassedTests":18,"numFailedTests":0,"numPendingTests":0,"numTodoTests":0,"startTime":1764221325318,"success":true,"testResults":[{"assertionResults":[{"ancestorTitles":["","locks - basic operations"],"fullName":" locks - basic operations should allow locking an unlocked node","status":"passed","title":"should allow locking an unlocked node","duration":10,"failureMessages":[]},{"ancestorTitles":["","locks - basic operations"],"fullName":" locks - basic operations should allow deleting a lock","status":"passed","title":"should allow deleting a lock","duration":1,"failureMessages":[]},{"ancestorTitles":["","locks - cannot lock already locked node"],"fullName":" locks - cannot lock already locked node should reject locking a node that is already locked by another user","status":"passed","title":"should reject locking a node that is already locked by another user","duration":1,"failureMessages":[]},{"ancestorTitles":["","locks - cannot lock already locked node"],"fullName":" locks - cannot lock already locked node should reject locking a node that is already locked by same user","status":"passed","title":"should reject locking a node that is already locked by same user","duration":1,"failureMessages":[]},{"ancestorTitles":["","locks - cannot lock child if ancestor is locked"],"fullName":" locks - cannot lock child if ancestor is locked should reject locking a child when parent is locked","status":"passed","title":"should reject locking a child when parent is locked","duration":1,"failureMessages":[]},{"ancestorTitles":["","locks - cannot lock child if ancestor is locked"],"fullName":" locks - cannot lock child if ancestor is locked should reject locking a grandchild when grandparent is locked","status":"passed","title":"should reject locking a grandchild when grandparent is locked","duration":1,"failureMessages":[]},{"ancestorTitles":["","locks - cannot lock child if ancestor is locked"],"fullName":" locks - cannot lock child if ancestor is locked should reject locking child even by same user who locked parent","status":"passed","title":"should reject locking child even by same user who locked parent","duration":1,"failureMessages":[]},{"ancestorTitles":["","locks - cannot lock parent if descendant is locked"],"fullName":" locks - cannot lock parent if descendant is locked should reject locking a parent when child is locked","status":"passed","title":"should reject locking a parent when child is locked","duration":1,"failureMessages":[]},{"ancestorTitles":["","locks - cannot lock parent if descendant is locked"],"fullName":" locks - cannot lock parent if descendant is locked should reject locking grandparent when grandchild is locked","status":"passed","title":"should reject locking grandparent when grandchild is locked","duration":0,"failureMessages":[]},{"ancestorTitles":["","locks - cannot lock parent if descendant is locked"],"fullName":" locks - cannot lock parent if descendant is locked should reject locking parent even by same user who locked child","status":"passed","title":"should reject locking parent even by same user who locked child","duration":1,"failureMessages":[]},{"ancestorTitles":["","locks - sibling isolation"],"fullName":" locks - sibling isolation should allow locking a sibling when another sibling is locked","status":"passed","title":"should allow locking a sibling when another sibling is locked","duration":1,"failureMessages":[]},{"ancestorTitles":["","locks - sibling isolation"],"fullName":" locks - sibling isolation should allow locking a cousin when another cousin is locked","status":"passed","title":"should allow locking a cousin when another cousin is locked","duration":1,"failureMessages":[]},{"ancestorTitles":["","locks - getLockBlocker helper"],"fullName":" locks - getLockBlocker helper should return the blocking lock when node is directly locked","status":"passed","title":"should return the blocking lock when node is directly locked","duration":0,"failureMessages":[]},{"ancestorTitles":["","locks - getLockBlocker helper"],"fullName":" locks - getLockBlocker helper should return the ancestor lock when checking a child node","status":"passed","title":"should return the ancestor lock when checking a child node","duration":1,"failureMessages":[]},{"ancestorTitles":["","locks - getLockBlocker helper"],"fullName":" locks - getLockBlocker helper should return the descendant lock when checking a parent node","status":"passed","title":"should return the descendant lock when checking a parent node","duration":0,"failureMessages":[]},{"ancestorTitles":["","locks - getLockBlocker helper"],"fullName":" locks - getLockBlocker helper should return null when node can be locked","status":"passed","title":"should return null when node can be locked","duration":2,"failureMessages":[]},{"ancestorTitles":["","locks - document-level locks"],"fullName":" locks - document-level locks should reject node lock when document is locked","status":"passed","title":"should reject node lock when document is locked","duration":0,"failureMessages":[]},{"ancestorTitles":["","locks - document-level locks"],"fullName":" locks - document-level locks should reject document lock when any node is locked","status":"passed","title":"should reject document lock when any node is locked","duration":1,"failureMessages":[]}],"startTime":1764221325583,"endTime":1764221325608,"status":"passed","message":"","name":"/Users/gre538/code/report-writer/convex/tables/locks.test.ts"}]}